;  LST file generated by mikroListExporter - v.2.0 
; Date/Time: 02-May-19 11:01:26 AM
;----------------------------------------------

;Address Opcode 	ASM
0x0000	0xF000EF5F  	GOTO        190
_interrupt:
;MyProject.c,2 :: 		void interrupt()
;MyProject.c,4 :: 		if (TMR0IF_bit){
0x0008	0xA4F2      	BTFSS       TMR0IF_bit, BitPos(TMR0IF_bit+0) 
0x000A	0xD006      	BRA         L_interrupt0
;MyProject.c,5 :: 		TMR0IF_bit = 0;
0x000C	0x94F2      	BCF         TMR0IF_bit, BitPos(TMR0IF_bit+0) 
;MyProject.c,6 :: 		TMR0H         = 0xFB;
0x000E	0x0EFB      	MOVLW       251
0x0010	0x6ED7      	MOVWF       TMR0H 
;MyProject.c,7 :: 		TMR0L         = 0x1E;
0x0012	0x0E1E      	MOVLW       30
0x0014	0x6ED6      	MOVWF       TMR0L 
;MyProject.c,8 :: 		PORTC.F4=~PORTC.F4;
0x0016	0x7882      	BTG         PORTC, 4 
;MyProject.c,9 :: 		}
L_interrupt0:
;MyProject.c,10 :: 		}
L_end_interrupt:
L__interrupt8:
0x0018	0x0011      	RETFIE      1
; end of _interrupt
_Delay_500us:
;__Lib_Delays.c,27 :: 		void Delay_500us() {
;__Lib_Delays.c,28 :: 		Delay_us(498);
0x001A	0x0E04      	MOVLW       4
0x001C	0x6E0C      	MOVWF       R12, 0
0x001E	0x0E3A      	MOVLW       58
0x0020	0x6E0D      	MOVWF       R13, 0
L_Delay_500us4:
0x0022	0x2E0D      	DECFSZ      R13, 1, 0
0x0024	0xD7FE      	BRA         L_Delay_500us4
0x0026	0x2E0C      	DECFSZ      R12, 1, 0
0x0028	0xD7FC      	BRA         L_Delay_500us4
0x002A	0x0000      	NOP
;__Lib_Delays.c,29 :: 		}
L_end_Delay_500us:
0x002C	0x0012      	RETURN      0
; end of _Delay_500us
___CC2DW:
;__Lib_System.c,21 :: 		
;__Lib_System.c,23 :: 		
_CC2DL_Loop1:
;__Lib_System.c,24 :: 		
0x002E	0x0009      	TBLRD*+
;__Lib_System.c,25 :: 		
0x0030	0xFFE6CFF5  	MOVFF       TABLAT, POSTINC1
;__Lib_System.c,26 :: 		
0x0034	0x0600      	DECF        R0, 1, 0
;__Lib_System.c,27 :: 		
0x0036	0xE1FB      	BNZ         _CC2DL_Loop1
;__Lib_System.c,28 :: 		
0x0038	0x0601      	DECF        R1, 1, 0
;__Lib_System.c,29 :: 		
0x003A	0xE1F9      	BNZ         _CC2DL_Loop1
;__Lib_System.c,31 :: 		
L_end___CC2DW:
0x003C	0x0012      	RETURN      0
; end of ___CC2DW
_Button:
;__Lib_Button.c,6 :: 		
;__Lib_Button.c,8 :: 		
0x003E	0x6A1C      	CLRF        Button_rslt_L0 
;__Lib_Button.c,11 :: 		
0x0040	0xF001C018  	MOVFF       FARG_Button_pin, R1
0x0044	0x0E01      	MOVLW       1
0x0046	0x6E00      	MOVWF       R0 
0x0048	0x5001      	MOVF        R1, 0 
L__Button5:
0x004A	0xE004      	BZ          L__Button6
0x004C	0x3600      	RLCF        R0, 1 
0x004E	0x9000      	BCF         R0, 0 
0x0050	0x0FFF      	ADDLW       255
0x0052	0xD7FB      	BRA         L__Button5
L__Button6:
0x0054	0xF01BC000  	MOVFF       R0, Button_pMask_L0
;__Lib_Button.c,13 :: 		
0x0058	0xFFE9C016  	MOVFF       FARG_Button_port, FSR0L
0x005C	0xFFEAC017  	MOVFF       FARG_Button_port+1, FSR0H
0x0060	0x5000      	MOVF        R0, 0 
0x0062	0x14EE      	ANDWF       POSTINC0, 0 
0x0064	0x6E01      	MOVWF       R1 
0x0066	0x5201      	MOVF        R1, 1 
0x0068	0x0E01      	MOVLW       1
0x006A	0xA4D8      	BTFSS       STATUS, 2 
0x006C	0x0E00      	MOVLW       0
0x006E	0x6E00      	MOVWF       R0 
0x0070	0x501A      	MOVF        FARG_Button_active_state, 0 
0x0072	0x1A00      	XORWF       R0, 1 
0x0074	0xE018      	BZ          L_Button0
;__Lib_Button.c,15 :: 		
L_Button1:
0x0076	0x5019      	MOVF        FARG_Button_time_ms, 0 
0x0078	0x0800      	SUBLW       0
0x007A	0xE204      	BC          L_Button2
;__Lib_Button.c,16 :: 		
0x007C	0xDFCE      	RCALL       _Delay_500us
;__Lib_Button.c,17 :: 		
0x007E	0xDFCD      	RCALL       _Delay_500us
;__Lib_Button.c,18 :: 		
0x0080	0x0619      	DECF        FARG_Button_time_ms, 1 
;__Lib_Button.c,19 :: 		
0x0082	0xD7F9      	BRA         L_Button1
L_Button2:
;__Lib_Button.c,21 :: 		
0x0084	0xFFE9C016  	MOVFF       FARG_Button_port, FSR0L
0x0088	0xFFEAC017  	MOVFF       FARG_Button_port+1, FSR0H
0x008C	0x501B      	MOVF        Button_pMask_L0, 0 
0x008E	0x14EE      	ANDWF       POSTINC0, 0 
0x0090	0x6E01      	MOVWF       R1 
0x0092	0x5201      	MOVF        R1, 1 
0x0094	0x0E01      	MOVLW       1
0x0096	0xA4D8      	BTFSS       STATUS, 2 
0x0098	0x0E00      	MOVLW       0
0x009A	0x6E00      	MOVWF       R0 
0x009C	0x501A      	MOVF        FARG_Button_active_state, 0 
0x009E	0x1A00      	XORWF       R0, 1 
0x00A0	0xE002      	BZ          L_Button3
;__Lib_Button.c,22 :: 		
0x00A2	0x0EFF      	MOVLW       255
0x00A4	0x6E1C      	MOVWF       Button_rslt_L0 
L_Button3:
;__Lib_Button.c,23 :: 		
L_Button0:
;__Lib_Button.c,25 :: 		
0x00A6	0xF000C01C  	MOVFF       Button_rslt_L0, R0
;__Lib_Button.c,26 :: 		
L_end_Button:
0x00AA	0x0012      	RETURN      0
; end of _Button
_InitTimer0:
;MyProject.c,11 :: 		void InitTimer0()
;MyProject.c,13 :: 		T0CON         = 0x88;
0x00AC	0x0E88      	MOVLW       136
0x00AE	0x6ED5      	MOVWF       T0CON 
;MyProject.c,14 :: 		TMR0H         = 0xFB;
0x00B0	0x0EFB      	MOVLW       251
0x00B2	0x6ED7      	MOVWF       TMR0H 
;MyProject.c,15 :: 		TMR0L         = 0x1E;
0x00B4	0x0E1E      	MOVLW       30
0x00B6	0x6ED6      	MOVWF       TMR0L 
;MyProject.c,16 :: 		GIE_bit       = 1;
0x00B8	0x8EF2      	BSF         GIE_bit, BitPos(GIE_bit+0) 
;MyProject.c,17 :: 		TMR0IE_bit    = 0;
0x00BA	0x9AF2      	BCF         TMR0IE_bit, BitPos(TMR0IE_bit+0) 
;MyProject.c,18 :: 		}
L_end_InitTimer0:
0x00BC	0x0012      	RETURN      0
; end of _InitTimer0
_main:
;MyProject.c,19 :: 		void main() {
;MyProject.c,20 :: 		ANSEL  = 0;                                    // Configure AN pins as digital I/O
0x00BE	0x6A7E      	CLRF        ANSEL 
;MyProject.c,21 :: 		ANSELH = 0;
0x00C0	0x6A7F      	CLRF        ANSELH 
;MyProject.c,22 :: 		C1ON_bit = 0;                                  // Disable comparators
0x00C2	0x9E6D      	BCF         C1ON_bit, BitPos(C1ON_bit+0) 
;MyProject.c,23 :: 		C2ON_bit = 0;
0x00C4	0x9E6B      	BCF         C2ON_bit, BitPos(C2ON_bit+0) 
;MyProject.c,24 :: 		TRISB4_bit = 1;                                // set RB0 pin as input
0x00C6	0x8893      	BSF         TRISB4_bit, BitPos(TRISB4_bit+0) 
;MyProject.c,25 :: 		TRISC = 0x00;                                  // Configure PORTC as output
0x00C8	0x6A94      	CLRF        TRISC 
;MyProject.c,26 :: 		PORTC = 0x00;                                  // Initial PORTC value
0x00CA	0x6A82      	CLRF        PORTC 
;MyProject.c,27 :: 		oldstate = 0;
0x00CC	0x9015      	BCF         _oldstate, BitPos(_oldstate+0) 
;MyProject.c,28 :: 		InitTimer0();
0x00CE	0xDFEE      	RCALL       _InitTimer0
;MyProject.c,29 :: 		do {
L_main1:
;MyProject.c,30 :: 		delay_ms(2);
0x00D0	0x0E0D      	MOVLW       13
0x00D2	0x6E0C      	MOVWF       R12, 0
0x00D4	0x0EFB      	MOVLW       251
0x00D6	0x6E0D      	MOVWF       R13, 0
L_main4:
0x00D8	0x2E0D      	DECFSZ      R13, 1, 0
0x00DA	0xD7FE      	BRA         L_main4
0x00DC	0x2E0C      	DECFSZ      R12, 1, 0
0x00DE	0xD7FC      	BRA         L_main4
0x00E0	0x0000      	NOP
0x00E2	0x0000      	NOP
;MyProject.c,31 :: 		if (Button(&PORTB, 4, 10,  1)) {               // Detect logical one
0x00E4	0x0E81      	MOVLW       PORTB
0x00E6	0x6E16      	MOVWF       FARG_Button_port 
0x00E8	0x0E0F      	MOVLW       hi_addr(PORTB)
0x00EA	0x6E17      	MOVWF       FARG_Button_port+1 
0x00EC	0x0E04      	MOVLW       4
0x00EE	0x6E18      	MOVWF       FARG_Button_pin 
0x00F0	0x0E0A      	MOVLW       10
0x00F2	0x6E19      	MOVWF       FARG_Button_time_ms 
0x00F4	0x0E01      	MOVLW       1
0x00F6	0x6E1A      	MOVWF       FARG_Button_active_state 
0x00F8	0xDFA2      	RCALL       _Button
0x00FA	0x5200      	MOVF        R0, 1 
0x00FC	0xE011      	BZ          L_main5
;MyProject.c,32 :: 		TMR0IE_bit         = 1;
0x00FE	0x8AF2      	BSF         TMR0IE_bit, BitPos(TMR0IE_bit+0) 
;MyProject.c,33 :: 		PORTC.F5 = 1;
0x0100	0x8A82      	BSF         PORTC, 5 
;MyProject.c,34 :: 		delay_ms(500);
0x0102	0x0E0D      	MOVLW       13
0x0104	0x6E0B      	MOVWF       R11, 0
0x0106	0x0EAF      	MOVLW       175
0x0108	0x6E0C      	MOVWF       R12, 0
0x010A	0x0EB6      	MOVLW       182
0x010C	0x6E0D      	MOVWF       R13, 0
L_main6:
0x010E	0x2E0D      	DECFSZ      R13, 1, 0
0x0110	0xD7FE      	BRA         L_main6
0x0112	0x2E0C      	DECFSZ      R12, 1, 0
0x0114	0xD7FC      	BRA         L_main6
0x0116	0x2E0B      	DECFSZ      R11, 1, 0
0x0118	0xD7FA      	BRA         L_main6
0x011A	0x0000      	NOP
;MyProject.c,35 :: 		TMR0IE_bit         = 0;
0x011C	0x9AF2      	BCF         TMR0IE_bit, BitPos(TMR0IE_bit+0) 
;MyProject.c,36 :: 		PORTC.F5 = 0;
0x011E	0x9A82      	BCF         PORTC, 5 
;MyProject.c,37 :: 		}
L_main5:
;MyProject.c,38 :: 		} while(1);                                    // Endless loop
0x0120	0xD7D7      	BRA         L_main1
;MyProject.c,39 :: 		}
L_end_main:
0x0122	0xD7FF      	BRA         $+0
; end of _main
Symbol List:
//** Routines locations **
//ADDRESS    SIZE    PROCEDURE
//----------------------------------------------
0x0008      [18]    _interrupt
0x001A      [20]    _Delay_500us
0x002E      [16]    ___CC2DW
0x003E     [110]    _Button
0x00AC      [18]    _InitTimer0
0x00BE     [102]    _main
//** Variables locations ** 
//ADDRESS    SIZE    VARIABLE
//----------------------------------------------
0x0000       [1]    R0
0x0000       [1]    SPI1_Write_tmp_L0
0x0000       [1]    EEPROM_Write_SaveINTCON_L0
0x0000       [1]    FLASH_Erase_64_SaveINTCON_L0
0x0000       [1]    __Lib_SoftI2C_PutZerosToLATSda_temp_sda_L0
0x0000       [1]    __Lib_SoftI2C_PutZerosToLATScl_temp_scl_L0
0x0000       [1]    UART1_Init_tmp_L0
0x0001       [1]    __Lib_USB_genHID_P18K50_?FLOC____Lib_USB_genHID_P18K50_USB_Handle_BusyT1
0x0001       [1]    ispunct_rslt_L0
0x0001       [1]    __Lib_PS2_Wait_Falling_nsample_L0
0x0001       [1]    UART1_Read___tmp_UART1_Read_L0
0x0001       [1]    I2C1_Rd_tmp_L0
0x0001       [1]    FLASH_Write_8_i_L0
0x0001       [2]    FLASH_Read_N_Bytes_i_L0
0x0001       [1]    R1
0x0001       [1]    FLASH_Erase_Write_64_i_L0
0x0002       [2]    memcpy_dd_L0
0x0002       [1]    FLASH_Write_8_SaveINTCON_L0
0x0002       [1]    __Lib_USB_genHID_P18K50_USB_CtrlTrf_Rx_Service_byteToRead_L0
0x0002       [2]    memset_pp_L0
0x0002       [2]    strlen_cp_L0
0x0002       [1]    R2
0x0002       [2]    memchr_s_L0
0x0002       [1]    FLASH_Erase_Write_64_j_L0
0x0003       [2]    MM_TotalFreeMemSize_Tot_L0
0x0003       [1]    __Lib_USB_genHID_P18K50_USB_CtrlTrf_Rx_Service_i_L0
0x0003       [1]    FLASH_Erase_Write_64_SaveINTCON_L0
0x0003       [1]    MM_Init_i_L0
0x0003       [1]    R3
0x0003       [2]    __Lib_MmcFat16_f16_toInt_l_L0
0x0003       [2]    Ltrim_original_L0
0x0003       [2]    memmove_tt_L0
0x0003       [2]    __Lib_USB_genHID_P18K50_USB_CtrlTrf_Tx_Service_byteToSend_L0
0x0003       [1]    __Lib_Sprinti_?FLOC____Lib_Sprinti_Do_FillT29
0x0004       [1]    R4
0x0004       [2]    strcat_cp_L0
0x0004       [2]    frexp_pom_L0
0x0004       [1]    __Lib_USB_genHID_P18K50_GetMaxIndexInDevDsc_index_L0
0x0004       [2]    strncat_cp_L0
0x0004       [2]    strcpy_cp_L0
0x0004       [2]    __Lib_MemManager_MM_GetMemAlign_P_L0
0x0004       [2]    memcpy_ss_L0
0x0004       [2]    __Lib_USB_genHID_P18K50_USB_Transfer_Packet_handle_L0
0x0004       [2]    __Lib_USB_genHID_P18K50_USB_Get_Status_Handler_p_L2
0x0004       [2]    __Lib_USB_genHID_P18K50_USB_Std_Feature_Req_Handler_p_L0
0x0004       [1]    __Lib_Sprinti_?FLOC____Lib_Sprinti_Do_FillT40
0x0004       [2]    strncpy_cp_L0
0x0005       [2]    memmove_ff_L0
0x0005       [2]    __Lib_USB_genHID_P18K50_USB_Configure_Endpoint_handle_L0
0x0005       [2]    LongWordToHex_input_half_L0
0x0005       [1]    MM_TotalFreeMemSize_i_L0
0x0005       [1]    R5
0x0005       [2]    LongIntToHex_input_half_L0
0x0005       [2]    Ltrim_p_L0
0x0005       [1]    __Lib_Sprinti_?FLOC____Lib_Sprinti_Do_FillT54
0x0006       [1]    __Lib_MemManager_MM_GetMemAlign_i_L0
0x0006       [1]    R6
0x0006       [2]    __Lib_USB_genHID_P18K50_GetMaxIndexInConfigDsc_totalLen_L0
0x0006       [1]    __Lib_Sprinti_?FLOC____Lib_Sprinti_Do_FillT69
0x0007       [1]    R7
0x0008       [3]    __Lib_USB_genHID_P18K50_GetMaxIndexInConfigDsc_ptr_L0
0x0008       [1]    R8
0x0009       [1]    R9
0x0009       [4]    __Lib_MmcFat16_f16_toLong_l_L0
0x000A       [1]    R10
0x000B       [1]    R11
0x000C       [1]    R12
0x000D       [1]    R13
0x000E       [1]    R14
0x000F       [1]    R15
0x0010       [1]    R16
0x0011       [1]    R17
0x0012       [1]    R18
0x0013       [1]    R19
0x0014       [1]    R20
0x0015       [0]    _oldstate
0x0016       [2]    FARG_Button_port
0x0018       [1]    FARG_Button_pin
0x0019       [1]    FARG_Button_time_ms
0x001A       [1]    FARG_Button_active_state
0x001B       [1]    Button_pMask_L0
0x001C       [1]    Button_rslt_L0
0x0F6B       [0]    C2ON_bit
0x0F6D       [0]    C1ON_bit
0x0F7E       [1]    ANSEL
0x0F7F       [1]    ANSELH
0x0F81       [1]    PORTB
0x0F82       [1]    PORTC
0x0F93       [0]    TRISB4_bit
0x0F94       [1]    TRISC
0x0FD5       [1]    T0CON
0x0FD6       [1]    TMR0L
0x0FD7       [1]    TMR0H
0x0FD8       [1]    STATUS
0x0FD9       [1]    FSR2L
0x0FDA       [1]    FSR2H
0x0FDE       [1]    POSTINC2
0x0FE0       [1]    BSR
0x0FE1       [1]    FSR1L
0x0FE2       [1]    FSR1H
0x0FE4       [1]    PREINC1
0x0FE6       [1]    POSTINC1
0x0FE7       [1]    INDF1
0x0FE8       [1]    WREG
0x0FE9       [1]    FSR0L
0x0FEA       [1]    FSR0H
0x0FEE       [1]    POSTINC0
0x0FF2       [0]    TMR0IF_bit
0x0FF2       [0]    GIE_bit
0x0FF2       [0]    TMR0IE_bit
0x0FF3       [1]    PRODL
0x0FF4       [1]    PRODH
0x0FF5       [1]    TABLAT
0x0FF6       [1]    TBLPTRL
0x0FF7       [1]    TBLPTRH
0x0FF8       [1]    TBLPTRU
